<?xml version="1.0" encoding="UTF-8"?>
<!-- Generated by org.testng.reporters.JUnitReportReporter -->
<testsuite hostname="LAPTOP-GI6UM35A" failures="0" tests="1" name="tutorialsninja_TestCase.tutorial_SearchProductTest" time="14.157" errors="0" timestamp="2022-09-23T15:54:26 IST" skipped="0">
  <testcase classname="tutorialsninja_TestCase.tutorial_SearchProductTest" name="SearchProductTest" time="14.157"/>
  <system-out/>
</testsuite> <!-- tutorialsninja_TestCase.tutorial_SearchProductTest -->
